#
# There is insufficient memory for the Java Runtime Environment to continue.
# Native memory allocation (malloc) failed to allocate 1084336 bytes for Chunk::new
# Possible reasons:
#   The system is out of physical RAM or swap space
#   The process is running with CompressedOops enabled, and the Java Heap may be blocking the growth of the native heap
# Possible solutions:
#   Reduce memory load on the system
#   Increase physical memory or swap space
#   Check if swap backing store is full
#   Decrease Java heap size (-Xmx/-Xms)
#   Decrease number of Java threads
#   Decrease Java thread stack sizes (-Xss)
#   Set larger code cache with -XX:ReservedCodeCacheSize=
#   JVM is running with Unscaled Compressed Oops mode in which the Java heap is
#     placed in the first 4GB address space. The Java Heap base address is the
#     maximum limit for the native heap growth. Please use -XX:HeapBaseMinAddress
#     to set the Java Heap base and to place the Java Heap above 4GB virtual address.
# This output file may be truncated or incomplete.
#
#  Out of Memory Error (./src/hotspot/share/memory/arena.cpp:197), pid=5448, tid=6288
#
# JRE version: OpenJDK Runtime Environment Corretto-11.0.8.10.1 (11.0.8+10) (build 11.0.8+10-LTS)
# Java VM: OpenJDK 64-Bit Server VM Corretto-11.0.8.10.1 (11.0.8+10-LTS, mixed mode, tiered, compressed oops, g1 gc, windows-amd64)
# No core dump will be written. Minidumps are not enabled by default on client versions of Windows
#

---------------  S U M M A R Y ------------

Command Line: -Dfile.encoding=UTF-8 com.luv2code.springboot.cruddemo.CruddemoApplication

Host: Intel(R) Core(TM) i5-6600K CPU @ 3.50GHz, 4 cores, 7G,  Windows 7 , 64 bit Build 7601 (6.1.7601.18015)
Time: Fri Oct 30 15:00:59 2020 ?rodkowoeuropejski czas stand. elapsed time: 9 seconds (0d 0h 0m 9s)

---------------  T H R E A D  ---------------

Current thread (0x0000000022469800):  JavaThread "C2 CompilerThread0" daemon [_thread_in_native, id=6288, stack(0x0000000022bf0000,0x0000000022cf0000)]


Current CompileTask:
C2:   9358 4356   !   4       org.springframework.core.annotation.AnnotationsScanner::processMethodHierarchy (276 bytes)

Stack: [0x0000000022bf0000,0x0000000022cf0000]
Native frames: (J=compiled Java code, j=interpreted, Vv=VM code, C=native code)
V  [jvm.dll+0x5dfc8a]
V  [jvm.dll+0x7179be]
V  [jvm.dll+0x71908f]
V  [jvm.dll+0x719753]
V  [jvm.dll+0x240e48]
V  [jvm.dll+0xb96ac]
V  [jvm.dll+0xb9dac]
V  [jvm.dll+0x2b0804]
V  [jvm.dll+0x5000c6]
V  [jvm.dll+0x202a5d]
V  [jvm.dll+0x1fca3a]
V  [jvm.dll+0x1f99bf]
V  [jvm.dll+0x17e4ec]
V  [jvm.dll+0x208f27]
V  [jvm.dll+0x20710b]
V  [jvm.dll+0x6dc729]
V  [jvm.dll+0x6d57d4]
V  [jvm.dll+0x5debc6]
C  [ucrtbase.DLL+0x203ba]
C  [kernel32.dll+0x1652d]
C  [ntdll.dll+0x2c541]


---------------  P R O C E S S  ---------------

Threads class SMR info:
_java_thread_list=0x0000000023d30230, length=33, elements={
0x000000002244f000, 0x0000000022458000, 0x0000000022466000, 0x0000000022468800,
0x0000000022469800, 0x000000002246e800, 0x0000000022477800, 0x0000000023172800,
0x00000000231ba800, 0x0000000025156800, 0x0000000027be6800, 0x0000000025311800,
0x0000000027b67800, 0x0000000024f0d800, 0x0000000027cc6800, 0x0000000024b42000,
0x0000000027c98000, 0x0000000027c99000, 0x0000000027c99800, 0x0000000027c9a800,
0x0000000027c9b000, 0x0000000027c9c000, 0x0000000027c9d000, 0x0000000027c9d800,
0x0000000027c9e800, 0x00000000294f5800, 0x00000000294f6800, 0x00000000294f7800,
0x00000000294f8000, 0x00000000294f9000, 0x00000000294fa000, 0x00000000294fa800,
0x00000000294fb800
}

Java Threads: ( => current thread )
  0x000000002244f000 JavaThread "Reference Handler" daemon [_thread_blocked, id=5856, stack(0x0000000022870000,0x0000000022970000)]
  0x0000000022458000 JavaThread "Finalizer" daemon [_thread_blocked, id=1204, stack(0x0000000022500000,0x0000000022600000)]
  0x0000000022466000 JavaThread "Signal Dispatcher" daemon [_thread_blocked, id=2612, stack(0x0000000022720000,0x0000000022820000)]
  0x0000000022468800 JavaThread "Attach Listener" daemon [_thread_blocked, id=2168, stack(0x0000000022990000,0x0000000022a90000)]
=>0x0000000022469800 JavaThread "C2 CompilerThread0" daemon [_thread_in_native, id=6288, stack(0x0000000022bf0000,0x0000000022cf0000)]
  0x000000002246e800 JavaThread "C1 CompilerThread0" daemon [_thread_blocked, id=2944, stack(0x0000000022da0000,0x0000000022ea0000)]
  0x0000000022477800 JavaThread "Sweeper thread" daemon [_thread_blocked, id=7580, stack(0x0000000022fb0000,0x00000000230b0000)]
  0x0000000023172800 JavaThread "Service Thread" daemon [_thread_blocked, id=9928, stack(0x0000000023580000,0x0000000023680000)]
  0x00000000231ba800 JavaThread "Common-Cleaner" daemon [_thread_blocked, id=9672, stack(0x00000000238a0000,0x00000000239a0000)]
  0x0000000025156800 JavaThread "Catalina-utility-1" [_thread_blocked, id=6120, stack(0x0000000028960000,0x0000000028a60000)]
  0x0000000027be6800 JavaThread "Catalina-utility-2" [_thread_blocked, id=9368, stack(0x0000000026630000,0x0000000026730000)]
  0x0000000025311800 JavaThread "container-0" [_thread_blocked, id=9540, stack(0x0000000028ae0000,0x0000000028be0000)]
  0x0000000027b67800 JavaThread "mysql-cj-abandoned-connection-cleanup" daemon [_thread_blocked, id=2416, stack(0x00000000239a0000,0x0000000023aa0000)]
  0x0000000024f0d800 JavaThread "HikariPool-1 housekeeper" daemon [_thread_blocked, id=9344, stack(0x0000000029020000,0x0000000029120000)]
  0x0000000027cc6800 JavaThread "task-1" [_thread_blocked, id=9008, stack(0x0000000026080000,0x0000000026180000)]
  0x0000000024b42000 JavaThread "HikariPool-1 connection adder" daemon [_thread_blocked, id=6600, stack(0x0000000029150000,0x0000000029250000)]
  0x0000000027c98000 JavaThread "File Watcher" daemon [_thread_blocked, id=3780, stack(0x000000002a670000,0x000000002a770000)]
  0x0000000027c99000 JavaThread "Live Reload Server" daemon [_thread_in_native, id=7712, stack(0x000000002ad20000,0x000000002ae20000)]
  0x0000000027c99800 JavaThread "http-nio-8080-BlockPoller" daemon [_thread_in_native, id=8600, stack(0x000000002a7c0000,0x000000002a8c0000)]
  0x0000000027c9a800 JavaThread "http-nio-8080-exec-1" daemon [_thread_blocked, id=10140, stack(0x000000002ae30000,0x000000002af30000)]
  0x0000000027c9b000 JavaThread "http-nio-8080-exec-2" daemon [_thread_blocked, id=8240, stack(0x000000002b0a0000,0x000000002b1a0000)]
  0x0000000027c9c000 JavaThread "http-nio-8080-exec-3" daemon [_thread_in_vm, id=4420, stack(0x0000000025c60000,0x0000000025d60000)]
  0x0000000027c9d000 JavaThread "http-nio-8080-exec-4" daemon [_thread_blocked, id=1572, stack(0x000000002b220000,0x000000002b320000)]
  0x0000000027c9d800 JavaThread "http-nio-8080-exec-5" daemon [_thread_blocked, id=5940, stack(0x000000002af50000,0x000000002b050000)]
  0x0000000027c9e800 JavaThread "http-nio-8080-exec-6" daemon [_thread_blocked, id=6308, stack(0x000000002b440000,0x000000002b540000)]
  0x00000000294f5800 JavaThread "http-nio-8080-exec-7" daemon [_thread_blocked, id=7852, stack(0x0000000022ea0000,0x0000000022fa0000)]
  0x00000000294f6800 JavaThread "http-nio-8080-exec-8" daemon [_thread_blocked, id=8944, stack(0x000000002b5f0000,0x000000002b6f0000)]
  0x00000000294f7800 JavaThread "http-nio-8080-exec-9" daemon [_thread_blocked, id=9320, stack(0x000000002b720000,0x000000002b820000)]
  0x00000000294f8000 JavaThread "http-nio-8080-exec-10" daemon [_thread_blocked, id=6956, stack(0x000000002b910000,0x000000002ba10000)]
  0x00000000294f9000 JavaThread "http-nio-8080-ClientPoller" daemon [_thread_in_native, id=9856, stack(0x000000002bb40000,0x000000002bc40000)]
  0x00000000294fa000 JavaThread "http-nio-8080-Acceptor" daemon [_thread_in_native, id=9088, stack(0x000000002bd90000,0x000000002be90000)]
  0x00000000294fa800 JavaThread "DestroyJavaVM" [_thread_blocked, id=5860, stack(0x0000000002280000,0x0000000002380000)]
  0x00000000294fb800 JavaThread "task-2" [_thread_blocked, id=1744, stack(0x000000002bc80000,0x000000002bd80000)]

Other Threads:
  0x000000002240b800 VMThread "VM Thread" [stack: 0x0000000022610000,0x0000000022710000] [id=7512]
  0x0000000023174000 WatcherThread [stack: 0x0000000023690000,0x0000000023790000] [id=1408]
  0x000000000043e000 GCTaskThread "GC Thread#0" [stack: 0x0000000019f80000,0x000000001a080000] [id=7780]
  0x0000000023c7f000 GCTaskThread "GC Thread#1" [stack: 0x00000000255b0000,0x00000000256b0000] [id=10096]
  0x000000002428b800 GCTaskThread "GC Thread#2" [stack: 0x00000000256c0000,0x00000000257c0000] [id=7196]
  0x0000000023fd2000 GCTaskThread "GC Thread#3" [stack: 0x0000000025d60000,0x0000000025e60000] [id=7228]
  0x0000000000471000 ConcurrentGCThread "G1 Main Marker" [stack: 0x000000001f100000,0x000000001f200000] [id=1212]
  0x0000000000473000 ConcurrentGCThread "G1 Conc#0" [stack: 0x000000001f260000,0x000000001f360000] [id=4140]
  0x000000002180f800 ConcurrentGCThread "G1 Refine#0" [stack: 0x0000000021a00000,0x0000000021b00000] [id=780]
  0x0000000021814800 ConcurrentGCThread "G1 Young RemSet Sampling" [stack: 0x00000000218a0000,0x00000000219a0000] [id=10032]

Threads with active compile tasks:
C2 CompilerThread0   9399 4356   !   4       org.springframework.core.annotation.AnnotationsScanner::processMethodHierarchy (276 bytes)

VM state:not at safepoint (normal execution)

VM Mutex/Monitor currently owned by a thread: None

Heap address: 0x0000000080c00000, size: 2036 MB, Compressed Oops mode: 32-bit
Narrow klass base: 0x0000000000000000, Narrow klass shift: 3
Compressed class space size: 1073741824 Address: 0x000000013f660000

Heap:
 garbage-first heap   total 157696K, used 22593K [0x0000000080c00000, 0x0000000100000000)
  region size 1024K, 5 young (5120K), 3 survivors (3072K)
 Metaspace       used 59084K, capacity 60328K, committed 60496K, reserved 1101824K
  class space    used 7396K, capacity 7887K, committed 7936K, reserved 1048576K
Heap Regions: E=young(eden), S=young(survivor), O=old, HS=humongous(starts), HC=humongous(continues), CS=collection set, F=free, A=archive, TAMS=top-at-mark-start (previous, next)
|   0|0x0000000080c00000, 0x0000000080d00000, 0x0000000080d00000|100%|HS|  |TAMS 0x0000000080d00000, 0x0000000080d00000| Complete 
|   1|0x0000000080d00000, 0x0000000080e00000, 0x0000000080e00000|100%| O|  |TAMS 0x0000000080e00000, 0x0000000080e00000| Untracked 
|   2|0x0000000080e00000, 0x0000000080f00000, 0x0000000080f00000|100%| O|  |TAMS 0x0000000080f00000, 0x0000000080f00000| Untracked 
|   3|0x0000000080f00000, 0x0000000081000000, 0x0000000081000000|100%| O|  |TAMS 0x0000000081000000, 0x0000000081000000| Untracked 
|   4|0x0000000081000000, 0x0000000081100000, 0x0000000081100000|100%| O|  |TAMS 0x0000000081100000, 0x0000000081100000| Untracked 
|   5|0x0000000081100000, 0x0000000081200000, 0x0000000081200000|100%| O|  |TAMS 0x0000000081200000, 0x0000000081200000| Untracked 
|   6|0x0000000081200000, 0x0000000081300000, 0x0000000081300000|100%| O|  |TAMS 0x0000000081300000, 0x0000000081300000| Untracked 
|   7|0x0000000081300000, 0x0000000081400000, 0x0000000081400000|100%| O|  |TAMS 0x0000000081388000, 0x0000000081400000| Untracked 
|   8|0x0000000081400000, 0x0000000081500000, 0x0000000081500000|100%| O|  |TAMS 0x0000000081400000, 0x0000000081500000| Untracked 
|   9|0x0000000081500000, 0x0000000081600000, 0x0000000081600000|100%| O|  |TAMS 0x0000000081500000, 0x0000000081600000| Untracked 
|  10|0x0000000081600000, 0x0000000081700000, 0x0000000081700000|100%| O|  |TAMS 0x0000000081600000, 0x0000000081700000| Untracked 
|  11|0x0000000081700000, 0x0000000081800000, 0x0000000081800000|100%| O|  |TAMS 0x0000000081700000, 0x0000000081800000| Untracked 
|  12|0x0000000081800000, 0x0000000081900000, 0x0000000081900000|100%| O|  |TAMS 0x0000000081800000, 0x0000000081900000| Untracked 
|  13|0x0000000081900000, 0x0000000081a00000, 0x0000000081a00000|100%| O|  |TAMS 0x0000000081900000, 0x0000000081a00000| Untracked 
|  14|0x0000000081a00000, 0x0000000081b00000, 0x0000000081b00000|100%| O|  |TAMS 0x0000000081a00000, 0x0000000081b00000| Untracked 
|  15|0x0000000081b00000, 0x0000000081c00000, 0x0000000081c00000|100%| O|  |TAMS 0x0000000081b00000, 0x0000000081c00000| Untracked 
|  16|0x0000000081c00000, 0x0000000081d00000, 0x0000000081d00000|100%| O|  |TAMS 0x0000000081c00000, 0x0000000081d00000| Untracked 
|  17|0x0000000081d00000, 0x0000000081e00000, 0x0000000081e00000|100%| O|  |TAMS 0x0000000081d00000, 0x0000000081e00000| Untracked 
|  18|0x0000000081e00000, 0x0000000081f00000, 0x0000000081f00000|100%| O|  |TAMS 0x0000000081e00000, 0x0000000081f00000| Untracked 
|  19|0x0000000081f00000, 0x0000000081f10400, 0x0000000082000000|  6%| O|  |TAMS 0x0000000081f00000, 0x0000000081f10400| Untracked 
|  20|0x0000000082000000, 0x0000000082000000, 0x0000000082100000|  0%| F|  |TAMS 0x0000000082000000, 0x0000000082000000| Untracked 
|  21|0x0000000082100000, 0x0000000082100000, 0x0000000082200000|  0%| F|  |TAMS 0x0000000082100000, 0x0000000082100000| Untracked 
|  22|0x0000000082200000, 0x0000000082200000, 0x0000000082300000|  0%| F|  |TAMS 0x0000000082200000, 0x0000000082200000| Untracked 
|  23|0x0000000082300000, 0x0000000082300000, 0x0000000082400000|  0%| F|  |TAMS 0x0000000082300000, 0x0000000082300000| Untracked 
|  24|0x0000000082400000, 0x0000000082400000, 0x0000000082500000|  0%| F|  |TAMS 0x0000000082400000, 0x0000000082400000| Untracked 
|  25|0x0000000082500000, 0x0000000082500000, 0x0000000082600000|  0%| F|  |TAMS 0x0000000082500000, 0x0000000082500000| Untracked 
|  26|0x0000000082600000, 0x0000000082600000, 0x0000000082700000|  0%| F|  |TAMS 0x0000000082600000, 0x0000000082600000| Untracked 
|  27|0x0000000082700000, 0x0000000082700000, 0x0000000082800000|  0%| F|  |TAMS 0x0000000082700000, 0x0000000082700000| Untracked 
|  28|0x0000000082800000, 0x0000000082800000, 0x0000000082900000|  0%| F|  |TAMS 0x0000000082800000, 0x0000000082800000| Untracked 
|  29|0x0000000082900000, 0x0000000082900000, 0x0000000082a00000|  0%| F|  |TAMS 0x0000000082900000, 0x0000000082900000| Untracked 
|  30|0x0000000082a00000, 0x0000000082a00000, 0x0000000082b00000|  0%| F|  |TAMS 0x0000000082a00000, 0x0000000082a00000| Untracked 
|  31|0x0000000082b00000, 0x0000000082b00000, 0x0000000082c00000|  0%| F|  |TAMS 0x0000000082b00000, 0x0000000082b00000| Untracked 
|  32|0x0000000082c00000, 0x0000000082c00000, 0x0000000082d00000|  0%| F|  |TAMS 0x0000000082c00000, 0x0000000082c00000| Untracked 
|  33|0x0000000082d00000, 0x0000000082d00000, 0x0000000082e00000|  0%| F|  |TAMS 0x0000000082d00000, 0x0000000082d00000| Untracked 
|  34|0x0000000082e00000, 0x0000000082e00000, 0x0000000082f00000|  0%| F|  |TAMS 0x0000000082e00000, 0x0000000082e00000| Untracked 
|  35|0x0000000082f00000, 0x0000000082f00000, 0x0000000083000000|  0%| F|  |TAMS 0x0000000082f00000, 0x0000000082f00000| Untracked 
|  36|0x0000000083000000, 0x0000000083000000, 0x0000000083100000|  0%| F|  |TAMS 0x0000000083000000, 0x0000000083000000| Untracked 
|  37|0x0000000083100000, 0x0000000083100000, 0x0000000083200000|  0%| F|  |TAMS 0x0000000083100000, 0x0000000083100000| Untracked 
|  38|0x0000000083200000, 0x0000000083200000, 0x0000000083300000|  0%| F|  |TAMS 0x0000000083200000, 0x0000000083200000| Untracked 
|  39|0x0000000083300000, 0x0000000083300000, 0x0000000083400000|  0%| F|  |TAMS 0x0000000083300000, 0x0000000083300000| Untracked 
|  40|0x0000000083400000, 0x0000000083400000, 0x0000000083500000|  0%| F|  |TAMS 0x0000000083400000, 0x0000000083400000| Untracked 
|  41|0x0000000083500000, 0x0000000083500000, 0x0000000083600000|  0%| F|  |TAMS 0x0000000083500000, 0x0000000083500000| Untracked 
|  42|0x0000000083600000, 0x0000000083600000, 0x0000000083700000|  0%| F|  |TAMS 0x0000000083600000, 0x0000000083600000| Untracked 
|  43|0x0000000083700000, 0x0000000083700000, 0x0000000083800000|  0%| F|  |TAMS 0x0000000083700000, 0x0000000083700000| Untracked 
|  44|0x0000000083800000, 0x0000000083800000, 0x0000000083900000|  0%| F|  |TAMS 0x0000000083800000, 0x0000000083800000| Untracked 
|  45|0x0000000083900000, 0x0000000083900000, 0x0000000083a00000|  0%| F|  |TAMS 0x0000000083900000, 0x0000000083900000| Untracked 
|  46|0x0000000083a00000, 0x0000000083a00000, 0x0000000083b00000|  0%| F|  |TAMS 0x0000000083a00000, 0x0000000083a00000| Untracked 
|  47|0x0000000083b00000, 0x0000000083b00000, 0x0000000083c00000|  0%| F|  |TAMS 0x0000000083b00000, 0x0000000083b00000| Untracked 
|  48|0x0000000083c00000, 0x0000000083c00000, 0x0000000083d00000|  0%| F|  |TAMS 0x0000000083c00000, 0x0000000083c00000| Untracked 
|  49|0x0000000083d00000, 0x0000000083d00000, 0x0000000083e00000|  0%| F|  |TAMS 0x0000000083d00000, 0x0000000083d00000| Untracked 
|  50|0x0000000083e00000, 0x0000000083e00000, 0x0000000083f00000|  0%| F|  |TAMS 0x0000000083e00000, 0x0000000083e00000| Untracked 
|  51|0x0000000083f00000, 0x0000000083f00000, 0x0000000084000000|  0%| F|  |TAMS 0x0000000083f00000, 0x0000000083f00000| Untracked 
|  52|0x0000000084000000, 0x0000000084000000, 0x0000000084100000|  0%| F|  |TAMS 0x0000000084000000, 0x0000000084000000| Untracked 
|  53|0x0000000084100000, 0x0000000084100000, 0x0000000084200000|  0%| F|  |TAMS 0x0000000084100000, 0x0000000084100000| Untracked 
|  54|0x0000000084200000, 0x0000000084200000, 0x0000000084300000|  0%| F|  |TAMS 0x0000000084200000, 0x0000000084200000| Untracked 
|  55|0x0000000084300000, 0x0000000084300000, 0x0000000084400000|  0%| F|  |TAMS 0x0000000084300000, 0x0000000084300000| Untracked 
|  56|0x0000000084400000, 0x0000000084400000, 0x0000000084500000|  0%| F|  |TAMS 0x0000000084400000, 0x0000000084400000| Untracked 
|  57|0x0000000084500000, 0x0000000084500000, 0x0000000084600000|  0%| F|  |TAMS 0x0000000084500000, 0x0000000084500000| Untracked 
|  58|0x0000000084600000, 0x0000000084600000, 0x0000000084700000|  0%| F|  |TAMS 0x0000000084600000, 0x0000000084600000| Untracked 
|  59|0x0000000084700000, 0x0000000084700000, 0x0000000084800000|  0%| F|  |TAMS 0x0000000084700000, 0x0000000084700000| Untracked 
|  60|0x0000000084800000, 0x0000000084800000, 0x0000000084900000|  0%| F|  |TAMS 0x0000000084800000, 0x0000000084800000| Untracked 
|  61|0x0000000084900000, 0x0000000084900000, 0x0000000084a00000|  0%| F|  |TAMS 0x0000000084900000, 0x0000000084900000| Untracked 
|  62|0x0000000084a00000, 0x0000000084a00000, 0x0000000084b00000|  0%| F|  |TAMS 0x0000000084a00000, 0x0000000084a00000| Untracked 
|  63|0x0000000084b00000, 0x0000000084b00000, 0x0000000084c00000|  0%| F|  |TAMS 0x0000000084b00000, 0x0000000084b00000| Untracked 
|  64|0x0000000084c00000, 0x0000000084c00000, 0x0000000084d00000|  0%| F|  |TAMS 0x0000000084c00000, 0x0000000084c00000| Untracked 
|  65|0x0000000084d00000, 0x0000000084d00000, 0x0000000084e00000|  0%| F|  |TAMS 0x0000000084d00000, 0x0000000084d00000| Untracked 
|  66|0x0000000084e00000, 0x0000000084e00000, 0x0000000084f00000|  0%| F|  |TAMS 0x0000000084e00000, 0x0000000084e00000| Untracked 
|  67|0x0000000084f00000, 0x0000000084f00000, 0x0000000085000000|  0%| F|  |TAMS 0x0000000084f00000, 0x0000000084f00000| Untracked 
|  68|0x0000000085000000, 0x0000000085000000, 0x0000000085100000|  0%| F|  |TAMS 0x0000000085000000, 0x0000000085000000| Untracked 
|  69|0x0000000085100000, 0x0000000085100000, 0x0000000085200000|  0%| F|  |TAMS 0x0000000085100000, 0x0000000085100000| Untracked 
|  70|0x0000000085200000, 0x0000000085200000, 0x0000000085300000|  0%| F|  |TAMS 0x0000000085200000, 0x0000000085200000| Untracked 
|  71|0x0000000085300000, 0x0000000085300000, 0x0000000085400000|  0%| F|  |TAMS 0x0000000085300000, 0x0000000085300000| Untracked 
|  72|0x0000000085400000, 0x0000000085400000, 0x0000000085500000|  0%| F|  |TAMS 0x0000000085400000, 0x0000000085400000| Untracked 
|  73|0x0000000085500000, 0x0000000085500000, 0x0000000085600000|  0%| F|  |TAMS 0x0000000085500000, 0x0000000085500000| Untracked 
|  74|0x0000000085600000, 0x0000000085600000, 0x0000000085700000|  0%| F|  |TAMS 0x0000000085600000, 0x0000000085600000| Untracked 
|  75|0x0000000085700000, 0x0000000085700000, 0x0000000085800000|  0%| F|  |TAMS 0x0000000085700000, 0x0000000085700000| Untracked 
|  76|0x0000000085800000, 0x0000000085800000, 0x0000000085900000|  0%| F|  |TAMS 0x0000000085800000, 0x0000000085800000| Untracked 
|  77|0x0000000085900000, 0x0000000085900000, 0x0000000085a00000|  0%| F|  |TAMS 0x0000000085900000, 0x0000000085900000| Untracked 
|  78|0x0000000085a00000, 0x0000000085a00000, 0x0000000085b00000|  0%| F|  |TAMS 0x0000000085a00000, 0x0000000085a00000| Untracked 
|  79|0x0000000085b00000, 0x0000000085b00000, 0x0000000085c00000|  0%| F|  |TAMS 0x0000000085b00000, 0x0000000085b00000| Untracked 
|  80|0x0000000085c00000, 0x0000000085c00000, 0x0000000085d00000|  0%| F|  |TAMS 0x0000000085c00000, 0x0000000085c00000| Untracked 
|  81|0x0000000085d00000, 0x0000000085d00000, 0x0000000085e00000|  0%| F|  |TAMS 0x0000000085d00000, 0x0000000085d00000| Untracked 
|  82|0x0000000085e00000, 0x0000000085e00000, 0x0000000085f00000|  0%| F|  |TAMS 0x0000000085e00000, 0x0000000085e00000| Untracked 
|  83|0x0000000085f00000, 0x0000000085f00000, 0x0000000086000000|  0%| F|  |TAMS 0x0000000085f00000, 0x0000000085f00000| Untracked 
|  84|0x0000000086000000, 0x0000000086000000, 0x0000000086100000|  0%| F|  |TAMS 0x0000000086000000, 0x0000000086000000| Untracked 
|  85|0x0000000086100000, 0x0000000086100000, 0x0000000086200000|  0%| F|  |TAMS 0x0000000086100000, 0x0000000086100000| Untracked 
|  86|0x0000000086200000, 0x0000000086200000, 0x0000000086300000|  0%| F|  |TAMS 0x0000000086200000, 0x0000000086200000| Untracked 
|  87|0x0000000086300000, 0x0000000086300000, 0x0000000086400000|  0%| F|  |TAMS 0x0000000086300000, 0x0000000086300000| Untracked 
|  88|0x0000000086400000, 0x0000000086400000, 0x0000000086500000|  0%| F|  |TAMS 0x0000000086400000, 0x0000000086400000| Untracked 
|  89|0x0000000086500000, 0x0000000086500000, 0x0000000086600000|  0%| F|  |TAMS 0x0000000086500000, 0x0000000086500000| Untracked 
|  90|0x0000000086600000, 0x0000000086600000, 0x0000000086700000|  0%| F|  |TAMS 0x0000000086600000, 0x0000000086600000| Untracked 
|  91|0x0000000086700000, 0x0000000086700000, 0x0000000086800000|  0%| F|  |TAMS 0x0000000086700000, 0x0000000086700000| Untracked 
|  92|0x0000000086800000, 0x0000000086800000, 0x0000000086900000|  0%| F|  |TAMS 0x0000000086800000, 0x0000000086800000| Untracked 
|  93|0x0000000086900000, 0x0000000086900000, 0x0000000086a00000|  0%| F|  |TAMS 0x0000000086900000, 0x0000000086900000| Untracked 
|  94|0x0000000086a00000, 0x0000000086a00000, 0x0000000086b00000|  0%| F|  |TAMS 0x0000000086a00000, 0x0000000086a00000| Untracked 
|  95|0x0000000086b00000, 0x0000000086b00000, 0x0000000086c00000|  0%| F|  |TAMS 0x0000000086b00000, 0x0000000086b00000| Untracked 
|  96|0x0000000086c00000, 0x0000000086c00000, 0x0000000086d00000|  0%| F|  |TAMS 0x0000000086c00000, 0x0000000086c00000| Untracked 
|  97|0x0000000086d00000, 0x0000000086d00000, 0x0000000086e00000|  0%| F|  |TAMS 0x0000000086d00000, 0x0000000086d00000| Untracked 
|  98|0x0000000086e00000, 0x0000000086e00000, 0x0000000086f00000|  0%| F|  |TAMS 0x0000000086e00000, 0x0000000086e00000| Untracked 
|  99|0x0000000086f00000, 0x0000000086f00000, 0x0000000087000000|  0%| F|  |TAMS 0x0000000086f00000, 0x0000000086f00000| Untracked 
| 100|0x0000000087000000, 0x0000000087000000, 0x0000000087100000|  0%| F|  |TAMS 0x0000000087000000, 0x0000000087000000| Untracked 
| 101|0x0000000087100000, 0x0000000087100000, 0x0000000087200000|  0%| F|  |TAMS 0x0000000087100000, 0x0000000087100000| Untracked 
| 102|0x0000000087200000, 0x0000000087200000, 0x0000000087300000|  0%| F|  |TAMS 0x0000000087200000, 0x0000000087200000| Untracked 
| 103|0x0000000087300000, 0x0000000087300000, 0x0000000087400000|  0%| F|  |TAMS 0x0000000087300000, 0x0000000087300000| Untracked 
| 104|0x0000000087400000, 0x0000000087400000, 0x0000000087500000|  0%| F|  |TAMS 0x0000000087400000, 0x0000000087400000| Untracked 
| 105|0x0000000087500000, 0x0000000087500000, 0x0000000087600000|  0%| F|  |TAMS 0x0000000087500000, 0x0000000087500000| Untracked 
| 106|0x0000000087600000, 0x0000000087600000, 0x0000000087700000|  0%| F|  |TAMS 0x0000000087600000, 0x0000000087600000| Untracked 
| 107|0x0000000087700000, 0x0000000087700000, 0x0000000087800000|  0%| F|  |TAMS 0x0000000087700000, 0x0000000087700000| Untracked 
| 108|0x0000000087800000, 0x0000000087900000, 0x0000000087900000|100%| S|CS|TAMS 0x0000000087800000, 0x0000000087800000| Complete 
| 109|0x0000000087900000, 0x0000000087a00000, 0x0000000087a00000|100%| S|CS|TAMS 0x0000000087900000, 0x0000000087900000| Complete 
| 110|0x0000000087a00000, 0x0000000087b00000, 0x0000000087b00000|100%| S|CS|TAMS 0x0000000087a00000, 0x0000000087a00000| Complete 
| 111|0x0000000087b00000, 0x0000000087b00000, 0x0000000087c00000|  0%| F|  |TAMS 0x0000000087b00000, 0x0000000087b00000| Untracked 
| 112|0x0000000087c00000, 0x0000000087c00000, 0x0000000087d00000|  0%| F|  |TAMS 0x0000000087c00000, 0x0000000087c00000| Untracked 
| 113|0x0000000087d00000, 0x0000000087d00000, 0x0000000087e00000|  0%| F|  |TAMS 0x0000000087d00000, 0x0000000087d00000| Untracked 
| 114|0x0000000087e00000, 0x0000000087e00000, 0x0000000087f00000|  0%| F|  |TAMS 0x0000000087e00000, 0x0000000087e00000| Untracked 
| 115|0x0000000087f00000, 0x0000000087f00000, 0x0000000088000000|  0%| F|  |TAMS 0x0000000087f00000, 0x0000000087f00000| Untracked 
| 116|0x0000000088000000, 0x0000000088000000, 0x0000000088100000|  0%| F|  |TAMS 0x0000000088000000, 0x0000000088000000| Untracked 
| 117|0x0000000088100000, 0x0000000088100000, 0x0000000088200000|  0%| F|  |TAMS 0x0000000088100000, 0x0000000088100000| Untracked 
| 118|0x0000000088200000, 0x0000000088200000, 0x0000000088300000|  0%| F|  |TAMS 0x0000000088200000, 0x0000000088200000| Untracked 
| 119|0x0000000088300000, 0x0000000088300000, 0x0000000088400000|  0%| F|  |TAMS 0x0000000088300000, 0x0000000088300000| Untracked 
| 120|0x0000000088400000, 0x0000000088400000, 0x0000000088500000|  0%| F|  |TAMS 0x0000000088400000, 0x0000000088400000| Untracked 
| 121|0x0000000088500000, 0x0000000088500000, 0x0000000088600000|  0%| F|  |TAMS 0x0000000088500000, 0x0000000088500000| Untracked 
| 122|0x0000000088600000, 0x0000000088600000, 0x0000000088700000|  0%| F|  |TAMS 0x0000000088600000, 0x0000000088600000| Untracked 
| 123|0x0000000088700000, 0x0000000088700000, 0x0000000088800000|  0%| F|  |TAMS 0x0000000088700000, 0x0000000088700000| Untracked 
| 124|0x0000000088800000, 0x0000000088800000, 0x0000000088900000|  0%| F|  |TAMS 0x0000000088800000, 0x0000000088800000| Untracked 
| 125|0x0000000088900000, 0x0000000088900000, 0x0000000088a00000|  0%| F|  |TAMS 0x0000000088900000, 0x0000000088900000| Untracked 
| 126|0x0000000088a00000, 0x0000000088a00000, 0x0000000088b00000|  0%| F|  |TAMS 0x0000000088a00000, 0x0000000088a00000| Untracked 
| 127|0x0000000088b00000, 0x0000000088b00000, 0x0000000088c00000|  0%| F|  |TAMS 0x0000000088b00000, 0x0000000088b00000| Untracked 
| 128|0x0000000088c00000, 0x0000000088c00000, 0x0000000088d00000|  0%| F|  |TAMS 0x0000000088c00000, 0x0000000088c00000| Untracked 
| 129|0x0000000088d00000, 0x0000000088d00000, 0x0000000088e00000|  0%| F|  |TAMS 0x0000000088d00000, 0x0000000088d00000| Untracked 
| 130|0x0000000088e00000, 0x0000000088e00000, 0x0000000088f00000|  0%| F|  |TAMS 0x0000000088e00000, 0x0000000088e00000| Untracked 
| 131|0x0000000088f00000, 0x0000000088f00000, 0x0000000089000000|  0%| F|  |TAMS 0x0000000088f00000, 0x0000000088f00000| Untracked 
| 132|0x0000000089000000, 0x0000000089000000, 0x0000000089100000|  0%| F|  |TAMS 0x0000000089000000, 0x0000000089000000| Untracked 
| 133|0x0000000089100000, 0x0000000089100000, 0x0000000089200000|  0%| F|  |TAMS 0x0000000089100000, 0x0000000089100000| Untracked 
| 134|0x0000000089200000, 0x0000000089200000, 0x0000000089300000|  0%| F|  |TAMS 0x0000000089200000, 0x0000000089200000| Untracked 
| 135|0x0000000089300000, 0x0000000089300000, 0x0000000089400000|  0%| F|  |TAMS 0x0000000089300000, 0x0000000089300000| Untracked 
| 136|0x0000000089400000, 0x0000000089400000, 0x0000000089500000|  0%| F|  |TAMS 0x0000000089400000, 0x0000000089400000| Untracked 
| 137|0x0000000089500000, 0x0000000089500000, 0x0000000089600000|  0%| F|  |TAMS 0x0000000089500000, 0x0000000089500000| Untracked 
| 138|0x0000000089600000, 0x0000000089600000, 0x0000000089700000|  0%| F|  |TAMS 0x0000000089600000, 0x0000000089600000| Untracked 
| 139|0x0000000089700000, 0x0000000089700000, 0x0000000089800000|  0%| F|  |TAMS 0x0000000089700000, 0x0000000089700000| Untracked 
| 140|0x0000000089800000, 0x0000000089800000, 0x0000000089900000|  0%| F|  |TAMS 0x0000000089800000, 0x0000000089800000| Untracked 
| 141|0x0000000089900000, 0x0000000089900000, 0x0000000089a00000|  0%| F|  |TAMS 0x0000000089900000, 0x0000000089900000| Untracked 
| 142|0x0000000089a00000, 0x0000000089a00000, 0x0000000089b00000|  0%| F|  |TAMS 0x0000000089a00000, 0x0000000089a00000| Untracked 
| 143|0x0000000089b00000, 0x0000000089b00000, 0x0000000089c00000|  0%| F|  |TAMS 0x0000000089b00000, 0x0000000089b00000| Untracked 
| 144|0x0000000089c00000, 0x0000000089c00000, 0x0000000089d00000|  0%| F|  |TAMS 0x0000000089c00000, 0x0000000089c00000| Untracked 
| 145|0x0000000089d00000, 0x0000000089d00000, 0x0000000089e00000|  0%| F|  |TAMS 0x0000000089d00000, 0x0000000089d00000| Untracked 
| 146|0x0000000089e00000, 0x0000000089e00000, 0x0000000089f00000|  0%| F|  |TAMS 0x0000000089e00000, 0x0000000089e00000| Untracked 
| 147|0x0000000089f00000, 0x0000000089f00000, 0x000000008a000000|  0%| F|  |TAMS 0x0000000089f00000, 0x0000000089f00000| Untracked 
| 148|0x000000008a000000, 0x000000008a000000, 0x000000008a100000|  0%| F|  |TAMS 0x000000008a000000, 0x000000008a000000| Untracked 
| 149|0x000000008a100000, 0x000000008a100000, 0x000000008a200000|  0%| F|  |TAMS 0x000000008a100000, 0x000000008a100000| Untracked 
| 150|0x000000008a200000, 0x000000008a200000, 0x000000008a300000|  0%| F|  |TAMS 0x000000008a200000, 0x000000008a200000| Untracked 
| 151|0x000000008a300000, 0x000000008a300000, 0x000000008a400000|  0%| F|  |TAMS 0x000000008a300000, 0x000000008a300000| Untracked 
| 152|0x000000008a400000, 0x000000008a40e618, 0x000000008a500000|  5%| E|  |TAMS 0x000000008a400000, 0x000000008a400000| Complete 
| 153|0x000000008a500000, 0x000000008a5f3748, 0x000000008a600000| 95%| E|  |TAMS 0x000000008a500000, 0x000000008a500000| Complete 

Card table byte_map: [0x000000001a8c0000,0x000000001acc0000] _byte_map_base: 0x000000001a4ba000

Marking Bits (Prev, Next): (CMBitMap*) 0x0000000000467f98, (CMBitMap*) 0x0000000000467fd0
 Prev Bits: [0x000000001b0c0000, 0x000000001d090000)
 Next Bits: [0x000000001d090000, 0x000000001f060000)

Polling page: 0x0000000000130000

Metaspace:

Usage:
  Non-class:     51.27 MB capacity,    50.53 MB ( 99%) used,   606.77 KB (  1%) free+waste,   158.38 KB ( <1%) overhead. 
      Class:      7.70 MB capacity,     7.22 MB ( 94%) used,   416.05 KB (  5%) free+waste,    72.75 KB ( <1%) overhead. 
       Both:     58.98 MB capacity,    57.75 MB ( 98%) used,  1022.82 KB (  2%) free+waste,   231.13 KB ( <1%) overhead. 

Virtual space:
  Non-class space:       52.00 MB reserved,      51.33 MB ( 99%) committed 
      Class space:        1.00 GB reserved,       7.75 MB ( <1%) committed 
             Both:        1.05 GB reserved,      59.08 MB (  5%) committed 

Chunk freelists:
   Non-Class:  23.00 KB
       Class:  17.00 KB
        Both:  40.00 KB

MaxMetaspaceSize: 17179869184.00 GB
CompressedClassSpaceSize: 1.00 GB

CodeHeap 'non-profiled nmethods': size=120064Kb used=1907Kb max_used=1907Kb free=118156Kb
 bounds [0x0000000012870000, 0x0000000012ae0000, 0x0000000019db0000]
CodeHeap 'profiled nmethods': size=120000Kb used=9073Kb max_used=9073Kb free=110926Kb
 bounds [0x000000000b340000, 0x000000000bc20000, 0x0000000012870000]
CodeHeap 'non-nmethods': size=5696Kb used=1214Kb max_used=1235Kb free=4481Kb
 bounds [0x000000000adb0000, 0x000000000b020000, 0x000000000b340000]
 total_blobs=4784 nmethods=4198 adapters=495
 compilation: enabled
              stopped_count=0, restarted_count=0
 full_count=0

Compilation events (20 events):
Event: 9.321 Thread 0x000000002246e800 4412       2       antlr.CharScanner::LA (35 bytes)
Event: 9.322 Thread 0x000000002246e800 nmethod 4412 0x000000000bc17e90 code [0x000000000bc18080, 0x000000000bc18358]
Event: 9.324 Thread 0x000000002246e800 4414       2       java.lang.CharacterData::of (120 bytes)
Event: 9.325 Thread 0x000000002246e800 nmethod 4414 0x000000000bc18610 code [0x000000000bc18800, 0x000000000bc18d38]
Event: 9.329 Thread 0x000000002246e800 4415       2       java.lang.Character::isLowSurrogate (18 bytes)
Event: 9.329 Thread 0x000000002246e800 nmethod 4415 0x000000000bc18f10 code [0x000000000bc190c0, 0x000000000bc191b8]
Event: 9.329 Thread 0x000000002246e800 4417       2       java.lang.Character::codePointBefore (48 bytes)
Event: 9.329 Thread 0x000000002246e800 nmethod 4417 0x000000000bc19290 code [0x000000000bc19460, 0x000000000bc19658]
Event: 9.329 Thread 0x000000002246e800 4416       2       java.lang.Character::isDigit (9 bytes)
Event: 9.329 Thread 0x000000002246e800 nmethod 4416 0x000000000bc19710 code [0x000000000bc198e0, 0x000000000bc19a18]
Event: 9.329 Thread 0x000000002246e800 4418       2       java.util.regex.Pattern$BmpCharPredicate$$Lambda$665/0x000000013fca4040::is (13 bytes)
Event: 9.329 Thread 0x000000002246e800 nmethod 4418 0x000000000bc19b10 code [0x000000000bc19ce0, 0x000000000bc19ed8]
Event: 9.330 Thread 0x000000002246e800 4419       1       antlr.BaseAST::getFirstChild (5 bytes)
Event: 9.330 Thread 0x000000002246e800 nmethod 4419 0x0000000012a4c810 code [0x0000000012a4c9c0, 0x0000000012a4ca78]
Event: 9.343 Thread 0x000000002246e800 4422       2       java.lang.Character::toUpperCase (6 bytes)
Event: 9.343 Thread 0x000000002246e800 nmethod 4422 0x000000000bc1a010 code [0x000000000bc1a1e0, 0x000000000bc1a318]
Event: 9.346 Thread 0x000000002246e800 4423       2       java.lang.String::regionMatches (150 bytes)
Event: 9.347 Thread 0x000000002246e800 nmethod 4423 0x000000000bc1a410 code [0x000000000bc1a600, 0x000000000bc1a908]
Event: 9.352 Thread 0x000000002246e800 4424       2       java.util.concurrent.atomic.AtomicInteger::getAndAdd (12 bytes)
Event: 9.352 Thread 0x000000002246e800 nmethod 4424 0x000000000bc1ab10 code [0x000000000bc1acc0, 0x000000000bc1adb8]

GC Heap History (16 events):
Event: 0.494 GC heap before
{Heap before GC invocations=0 (full 0):
 garbage-first heap   total 131072K, used 14336K [0x0000000080c00000, 0x0000000100000000)
  region size 1024K, 14 young (14336K), 0 survivors (0K)
 Metaspace       used 9160K, capacity 9296K, committed 9344K, reserved 1058816K
  class space    used 829K, capacity 868K, committed 896K, reserved 1048576K
}
Event: 0.499 GC heap after
{Heap after GC invocations=1 (full 0):
 garbage-first heap   total 131072K, used 5754K [0x0000000080c00000, 0x0000000100000000)
  region size 1024K, 2 young (2048K), 2 survivors (2048K)
 Metaspace       used 9160K, capacity 9296K, committed 9344K, reserved 1058816K
  class space    used 829K, capacity 868K, committed 896K, reserved 1048576K
}
Event: 0.765 GC heap before
{Heap before GC invocations=1 (full 0):
 garbage-first heap   total 131072K, used 51834K [0x0000000080c00000, 0x0000000100000000)
  region size 1024K, 48 young (49152K), 2 survivors (2048K)
 Metaspace       used 11291K, capacity 11463K, committed 11648K, reserved 1060864K
  class space    used 1088K, capacity 1146K, committed 1152K, reserved 1048576K
}
Event: 0.768 GC heap after
{Heap after GC invocations=2 (full 0):
 garbage-first heap   total 131072K, used 6192K [0x0000000080c00000, 0x0000000100000000)
  region size 1024K, 3 young (3072K), 3 survivors (3072K)
 Metaspace       used 11291K, capacity 11463K, committed 11648K, reserved 1060864K
  class space    used 1088K, capacity 1146K, committed 1152K, reserved 1048576K
}
Event: 1.396 GC heap before
{Heap before GC invocations=2 (full 0):
 garbage-first heap   total 131072K, used 51248K [0x0000000080c00000, 0x0000000100000000)
  region size 1024K, 48 young (49152K), 3 survivors (3072K)
 Metaspace       used 20716K, capacity 21164K, committed 21296K, reserved 1069056K
  class space    used 2228K, capacity 2395K, committed 2432K, reserved 1048576K
}
Event: 1.401 GC heap after
{Heap after GC invocations=3 (full 0):
 garbage-first heap   total 131072K, used 8216K [0x0000000080c00000, 0x0000000100000000)
  region size 1024K, 5 young (5120K), 5 survivors (5120K)
 Metaspace       used 20716K, capacity 21164K, committed 21296K, reserved 1069056K
  class space    used 2228K, capacity 2395K, committed 2432K, reserved 1048576K
}
Event: 1.693 GC heap before
{Heap before GC invocations=4 (full 0):
 garbage-first heap   total 131072K, used 63512K [0x0000000080c00000, 0x0000000100000000)
  region size 1024K, 60 young (61440K), 5 survivors (5120K)
 Metaspace       used 23710K, capacity 24260K, committed 24368K, reserved 1071104K
  class space    used 2640K, capacity 2857K, committed 2944K, reserved 1048576K
}
Event: 1.697 GC heap after
{Heap after GC invocations=5 (full 0):
 garbage-first heap   total 131072K, used 8911K [0x0000000080c00000, 0x0000000100000000)
  region size 1024K, 4 young (4096K), 4 survivors (4096K)
 Metaspace       used 23710K, capacity 24260K, committed 24368K, reserved 1071104K
  class space    used 2640K, capacity 2857K, committed 2944K, reserved 1048576K
}
Event: 3.093 GC heap before
{Heap before GC invocations=5 (full 0):
 garbage-first heap   total 131072K, used 81615K [0x0000000080c00000, 0x0000000100000000)
  region size 1024K, 75 young (76800K), 4 survivors (4096K)
 Metaspace       used 31432K, capacity 32238K, committed 32304K, reserved 1077248K
  class space    used 3635K, capacity 3956K, committed 3968K, reserved 1048576K
}
Event: 3.104 GC heap after
{Heap after GC invocations=6 (full 0):
 garbage-first heap   total 157696K, used 12430K [0x0000000080c00000, 0x0000000100000000)
  region size 1024K, 7 young (7168K), 7 survivors (7168K)
 Metaspace       used 31432K, capacity 32238K, committed 32304K, reserved 1077248K
  class space    used 3635K, capacity 3956K, committed 3968K, reserved 1048576K
}
Event: 3.347 GC heap before
{Heap before GC invocations=6 (full 0):
 garbage-first heap   total 157696K, used 98446K [0x0000000080c00000, 0x0000000100000000)
  region size 1024K, 92 young (94208K), 7 survivors (7168K)
 Metaspace       used 33527K, capacity 34398K, committed 34736K, reserved 1079296K
  class space    used 3838K, capacity 4226K, committed 4352K, reserved 1048576K
}
Event: 3.352 GC heap after
{Heap after GC invocations=7 (full 0):
 garbage-first heap   total 157696K, used 13748K [0x0000000080c00000, 0x0000000100000000)
  region size 1024K, 8 young (8192K), 8 survivors (8192K)
 Metaspace       used 33527K, capacity 34398K, committed 34736K, reserved 1079296K
  class space    used 3838K, capacity 4226K, committed 4352K, reserved 1048576K
}
Event: 4.088 GC heap before
{Heap before GC invocations=7 (full 0):
 garbage-first heap   total 157696K, used 32180K [0x0000000080c00000, 0x0000000100000000)
  region size 1024K, 27 young (27648K), 8 survivors (8192K)
 Metaspace       used 34830K, capacity 35771K, committed 35888K, reserved 1081344K
  class space    used 4005K, capacity 4387K, committed 4480K, reserved 1048576K
}
Event: 4.097 GC heap after
{Heap after GC invocations=8 (full 0):
 garbage-first heap   total 157696K, used 14190K [0x0000000080c00000, 0x0000000100000000)
  region size 1024K, 7 young (7168K), 7 survivors (7168K)
 Metaspace       used 34830K, capacity 35771K, committed 35888K, reserved 1081344K
  class space    used 4005K, capacity 4387K, committed 4480K, reserved 1048576K
}
Event: 5.312 GC heap before
{Heap before GC invocations=9 (full 0):
 garbage-first heap   total 157696K, used 100206K [0x0000000080c00000, 0x0000000100000000)
  region size 1024K, 92 young (94208K), 7 survivors (7168K)
 Metaspace       used 49749K, capacity 50933K, committed 51120K, reserved 1093632K
  class space    used 6104K, capacity 6570K, committed 6656K, reserved 1048576K
}
Event: 5.321 GC heap after
{Heap after GC invocations=10 (full 0):
 garbage-first heap   total 157696K, used 20000K [0x0000000080c00000, 0x0000000100000000)
  region size 1024K, 12 young (12288K), 12 survivors (12288K)
 Metaspace       used 49749K, capacity 50933K, committed 51120K, reserved 1093632K
  class space    used 6104K, capacity 6570K, committed 6656K, reserved 1048576K
}

Deoptimization events (20 events):
Event: 5.618 Thread 0x0000000027cc6800 Uncommon trap: trap_request=0xffffff4d fr.pc=0x0000000012a1c5b8 relative=0x00000000000006b8
Event: 5.618 Thread 0x0000000027cc6800 Uncommon trap: reason=unstable_if action=reinterpret pc=0x0000000012a1c5b8 method=java.util.HashMap$HashIterator.<init>(Ljava/util/HashMap;)V @ 45 c2
Event: 5.618 Thread 0x0000000027cc6800 DEOPT PACKING pc=0x0000000012a1c5b8 sp=0x000000002617c4a0
Event: 5.618 Thread 0x0000000027cc6800 DEOPT UNPACKING pc=0x000000000add74af sp=0x000000002617c330 mode 2
Event: 9.045 Thread 0x0000000027b67800 Uncommon trap: trap_request=0xffffff4d fr.pc=0x00000000129f5d40 relative=0x00000000000023e0
Event: 9.045 Thread 0x0000000027b67800 Uncommon trap: reason=unstable_if action=reinterpret pc=0x00000000129f5d40 method=java.net.URL.<init>(Ljava/net/URL;Ljava/lang/String;Ljava/net/URLStreamHandler;)V @ 57 c2
Event: 9.045 Thread 0x0000000027b67800 DEOPT PACKING pc=0x00000000129f5d40 sp=0x0000000023a9ee00
Event: 9.045 Thread 0x0000000027b67800 DEOPT UNPACKING pc=0x000000000add74af sp=0x0000000023a9edc0 mode 2
Event: 9.045 Thread 0x0000000027b67800 Uncommon trap: trap_request=0xffffff4d fr.pc=0x0000000012a01a54 relative=0x0000000000003434
Event: 9.045 Thread 0x0000000027b67800 Uncommon trap: reason=unstable_if action=reinterpret pc=0x0000000012a01a54 method=java.net.URLStreamHandler.parseURL(Ljava/net/URL;Ljava/lang/String;II)V @ 57 c2
Event: 9.045 Thread 0x0000000027b67800 DEOPT PACKING pc=0x0000000012a01a54 sp=0x0000000023a9ec60
Event: 9.045 Thread 0x0000000027b67800 DEOPT UNPACKING pc=0x000000000add74af sp=0x0000000023a9ec30 mode 2
Event: 9.151 Thread 0x0000000027c9c000 Uncommon trap: trap_request=0xffffff4d fr.pc=0x0000000012996c60 relative=0x00000000000001a0
Event: 9.151 Thread 0x0000000027c9c000 Uncommon trap: reason=unstable_if action=reinterpret pc=0x0000000012996c60 method=org.springframework.beans.factory.support.AbstractAutowireCapableBeanFactory.determineTargetType(Ljava/lang/String;Lorg/springframework/beans/factory/support/RootBeanDefinit
Event: 9.151 Thread 0x0000000027c9c000 DEOPT PACKING pc=0x0000000012996c60 sp=0x0000000025d5e480
Event: 9.151 Thread 0x0000000027c9c000 DEOPT UNPACKING pc=0x000000000add74af sp=0x0000000025d5e458 mode 2
Event: 9.321 Thread 0x0000000027c9c000 Uncommon trap: trap_request=0xffffff4d fr.pc=0x000000001287a164 relative=0x0000000000000044
Event: 9.321 Thread 0x0000000027c9c000 Uncommon trap: reason=unstable_if action=reinterpret pc=0x000000001287a164 method=java.lang.CharacterData.of(I)Ljava/lang/CharacterData; @ 4 c2
Event: 9.321 Thread 0x0000000027c9c000 DEOPT PACKING pc=0x000000001287a164 sp=0x0000000025d5b790
Event: 9.321 Thread 0x0000000027c9c000 DEOPT UNPACKING pc=0x000000000add74af sp=0x0000000025d5b728 mode 2

Classes redefined (0 events):
No events

Internal exceptions (20 events):
Event: 4.161 Thread 0x000000002434a000 Exception <a 'java/lang/NoSuchMethodError'{0x000000008a2c1a90}: 'void java.lang.invoke.DirectMethodHandle$Holder.invokeVirtual(java.lang.Object, java.lang.Object, int)'> (0x000000008a2c1a90) thrown at [./src/hotspot/share/interpreter/linkResolver.cpp, line 773]
Event: 4.163 Thread 0x000000002434a000 Exception <a 'java/lang/NoSuchMethodError'{0x000000008a2dbbd0}: 'void java.lang.invoke.DirectMethodHandle$Holder.invokeVirtual(java.lang.Object, java.lang.Object, long)'> (0x000000008a2dbbd0) thrown at [./src/hotspot/share/interpreter/linkResolver.cpp, line 773]
Event: 4.538 Thread 0x000000002434a000 Exception <a 'java/lang/NoSuchMethodError'{0x00000000895a1350}: 'java.lang.Object java.lang.invoke.DirectMethodHandle$Holder.invokeStaticInit(java.lang.Object, java.lang.Object, java.lang.Object, java.lang.Object)'> (0x00000000895a1350) thrown at [./src/hotspot/share/interpreter/linkResolver.cpp, line 773]
Event: 4.702 Thread 0x000000002434a000 Exception <a 'java/lang/ClassNotFoundException'{0x000000008813c8c8}: java/lang/ObjectCustomizer> (0x000000008813c8c8) thrown at [./src/hotspot/share/classfile/systemDictionary.cpp, line 231]
Event: 4.703 Thread 0x000000002434a000 Exception <a 'java/lang/ClassNotFoundException'{0x000000008814ecf0}: org/springframework/web/servlet/config/annotation/WebMvcConfigurationSupportCustomizer> (0x000000008814ecf0) thrown at [./src/hotspot/share/classfile/systemDictionary.cpp, line 231]
Event: 4.704 Thread 0x000000002434a000 Exception <a 'java/lang/ClassNotFoundException'{0x000000008816c050}: org/springframework/web/servlet/config/annotation/DelegatingWebMvcConfigurationCustomizer> (0x000000008816c050) thrown at [./src/hotspot/share/classfile/systemDictionary.cpp, line 231]
Event: 4.704 Thread 0x000000002434a000 Exception <a 'java/lang/ClassNotFoundException'{0x00000000881ee9e8}: org/springframework/boot/autoconfigure/web/servlet/WebMvcAutoConfiguration$EnableWebMvcConfigurationCustomizer> (0x00000000881ee9e8) thrown at [./src/hotspot/share/classfile/systemDictionary.cpp, line 231]
Event: 4.705 Thread 0x000000002434a000 Exception <a 'java/lang/ClassNotFoundException'{0x000000008800ac50}: org/springframework/context/ResourceLoaderAwareCustomizer> (0x000000008800ac50) thrown at [./src/hotspot/share/classfile/systemDictionary.cpp, line 231]
Event: 4.705 Thread 0x000000002434a000 Exception <a 'java/lang/ClassNotFoundException'{0x0000000088016fd0}: org/springframework/beans/factory/AwareCustomizer> (0x0000000088016fd0) thrown at [./src/hotspot/share/classfile/systemDictionary.cpp, line 231]
Event: 4.706 Thread 0x000000002434a000 Exception <a 'java/lang/ClassNotFoundException'{0x0000000088023a88}: org/springframework/context/ApplicationContextAwareCustomizer> (0x0000000088023a88) thrown at [./src/hotspot/share/classfile/systemDictionary.cpp, line 231]
Event: 4.706 Thread 0x000000002434a000 Exception <a 'java/lang/ClassNotFoundException'{0x0000000088030798}: org/springframework/beans/factory/AwareCustomizer> (0x0000000088030798) thrown at [./src/hotspot/share/classfile/systemDictionary.cpp, line 231]
Event: 4.707 Thread 0x000000002434a000 Exception <a 'java/lang/ClassNotFoundException'{0x000000008803d228}: org/springframework/web/context/ServletContextAwareCustomizer> (0x000000008803d228) thrown at [./src/hotspot/share/classfile/systemDictionary.cpp, line 231]
Event: 4.707 Thread 0x000000002434a000 Exception <a 'java/lang/ClassNotFoundException'{0x0000000088049a10}: org/springframework/beans/factory/AwareCustomizer> (0x0000000088049a10) thrown at [./src/hotspot/share/classfile/systemDictionary.cpp, line 231]
Event: 4.974 Thread 0x000000002434a000 Exception <a 'java/lang/NoSuchMethodError'{0x000000008657f268}: 'java.lang.Object java.lang.invoke.DirectMethodHandle$Holder.invokeInterface(java.lang.Object, java.lang.Object, java.lang.Object)'> (0x000000008657f268) thrown at [./src/hotspot/share/interpreter/linkResolver.cpp, line 773]
Event: 4.974 Thread 0x000000002434a000 Exception <a 'java/lang/IncompatibleClassChangeError'{0x000000008646ff88}: Found class java.lang.Object, but interface was expected> (0x000000008646ff88) thrown at [./src/hotspot/share/interpreter/linkResolver.cpp, line 839]
Event: 5.023 Thread 0x000000002434a000 Exception <a 'java/lang/NoSuchMethodError'{0x00000000861a0190}: 'int java.lang.invoke.DirectMethodHandle$Holder.invokeStaticInit(java.lang.Object, java.lang.Object, java.lang.Object, java.lang.Object)'> (0x00000000861a0190) thrown at [./src/hotspot/share/interpreter/linkResolver.cpp, line 773]
Event: 5.330 Thread 0x0000000027cc6800 Implicit null exception at 0x0000000012a1aced to 0x0000000012a1b3ac
Event: 5.366 Thread 0x0000000027cc6800 Exception <a 'java/lang/NoSuchMethodError'{0x000000008a2133e0}: 'java.lang.Object java.lang.invoke.DirectMethodHandle$Holder.newInvokeSpecial(java.lang.Object, java.lang.Object, int, java.lang.Object, java.lang.Object)'> (0x000000008a2133e0) thrown at [./src/hotspot/share/interpreter/linkResolver.cpp, line 773]
Event: 5.672 Thread 0x0000000027cc6800 Exception <a 'java/lang/NoSuchMethodError'{0x00000000891c37c8}: 'void java.lang.invoke.DirectMethodHandle$Holder.invokeInterface(java.lang.Object, java.lang.Object)'> (0x00000000891c37c8) thrown at [./src/hotspot/share/interpreter/linkResolver.cpp, line 773]
Event: 5.685 Thread 0x0000000027cc6800 Exception <a 'java/lang/NoSuchMethodError'{0x000000008907f650}: 'java.lang.Object java.lang.invoke.DirectMethodHandle$Holder.invokeStaticInit(java.lang.Object, java.lang.Object, java.lang.Object, java.lang.Object, int, int)'> (0x000000008907f650) thrown at [./src/hotspot/share/interpreter/linkResolver.cpp, line 773]

Events (20 events):
Event: 9.346 loading class org/hibernate/hql/internal/ast/tree/EntityJoinFromElement
Event: 9.346 loading class org/hibernate/hql/internal/ast/tree/EntityJoinFromElement done
Event: 9.349 loading class antlr/ASTNULLType
Event: 9.349 loading class antlr/ASTNULLType done
Event: 9.349 loading class org/hibernate/internal/CoreMessageLogger_$logger_pl_PL
Event: 9.349 loading class org/hibernate/internal/CoreMessageLogger_$logger_pl_PL done
Event: 9.350 loading class org/hibernate/internal/CoreMessageLogger_$logger_pl
Event: 9.350 loading class org/hibernate/internal/CoreMessageLogger_$logger_pl done
Event: 9.351 loading class org/hibernate/internal/CoreMessageLogger_$logger_pl_PL
Event: 9.351 loading class org/hibernate/internal/CoreMessageLogger_$logger_pl_PL done
Event: 9.351 loading class org/hibernate/internal/CoreMessageLogger_$logger_pl
Event: 9.351 loading class org/hibernate/internal/CoreMessageLogger_$logger_pl done
Event: 9.352 loading class antlr/TreeParserSharedInputState
Event: 9.352 loading class antlr/TreeParserSharedInputState done
Event: 9.353 loading class org/hibernate/hql/internal/ast/util/AliasGenerator
Event: 9.353 loading class org/hibernate/hql/internal/ast/util/AliasGenerator done
Event: 9.353 loading class org/hibernate/hql/internal/ast/util/SessionFactoryHelper
Event: 9.353 loading class org/hibernate/hql/internal/ast/util/SessionFactoryHelper done
Event: 9.354 loading class org/hibernate/hql/internal/ast/DetailedSemanticException
Event: 9.354 loading class org/hibernate/hql/internal/ast/DetailedSemanticException done


Dynamic libraries:
0x000000013f650000 - 0x000000013f65d000 	C:\Program Files\Amazon Corretto\jdk11.0.8_10\bin\javaw.exe
0x0000000076cb0000 - 0x0000000076e59000 	C:\Windows\SYSTEM32\ntdll.dll
0x000007fee33a0000 - 0x000007fee33b2000 	C:\Program Files (x86)\AVG\Antivirus\aswhook.dll
0x0000000076a90000 - 0x0000000076baf000 	C:\Windows\system32\kernel32.dll
0x000007fefcec0000 - 0x000007fefcf2b000 	C:\Windows\system32\KERNELBASE.dll
0x000007fef4140000 - 0x000007fef4157000 	C:\Program Files\Amazon Corretto\jdk11.0.8_10\bin\jli.dll
0x000007fefaa10000 - 0x000007fefac04000 	C:\Windows\WinSxS\amd64_microsoft.windows.common-controls_6595b64144ccf1df_6.0.7601.17514_none_fa396087175ac9ac\COMCTL32.dll
0x000007fefed40000 - 0x000007fefeddf000 	C:\Windows\system32\msvcrt.dll
0x000007fefef50000 - 0x000007fefefb7000 	C:\Windows\system32\GDI32.dll
0x0000000076bb0000 - 0x0000000076caa000 	C:\Windows\system32\USER32.dll
0x000007fefe8e0000 - 0x000007fefe8ee000 	C:\Windows\system32\LPK.dll
0x000007fefe8f0000 - 0x000007fefe9b9000 	C:\Windows\system32\USP10.dll
0x000007fefeec0000 - 0x000007fefef31000 	C:\Windows\system32\SHLWAPI.dll
0x000007fef4120000 - 0x000007fef4135000 	C:\Program Files\Amazon Corretto\jdk11.0.8_10\bin\VCRUNTIME140.dll
0x000007fef4270000 - 0x000007fef4274000 	C:\Program Files\Amazon Corretto\jdk11.0.8_10\bin\api-ms-win-crt-runtime-l1-1-0.dll
0x000007fef3530000 - 0x000007fef362c000 	C:\Program Files\Amazon Corretto\jdk11.0.8_10\bin\ucrtbase.DLL
0x000007fef41f0000 - 0x000007fef41f3000 	C:\Program Files\Amazon Corretto\jdk11.0.8_10\bin\api-ms-win-core-localization-l1-2-0.dll
0x000007fef4110000 - 0x000007fef4113000 	C:\Program Files\Amazon Corretto\jdk11.0.8_10\bin\api-ms-win-core-processthreads-l1-1-1.dll
0x000007fef40c0000 - 0x000007fef40c3000 	C:\Program Files\Amazon Corretto\jdk11.0.8_10\bin\api-ms-win-core-file-l1-2-0.dll
0x000007fef4000000 - 0x000007fef4003000 	C:\Program Files\Amazon Corretto\jdk11.0.8_10\bin\api-ms-win-core-timezone-l1-1-0.dll
0x000007fef3df0000 - 0x000007fef3df3000 	C:\Program Files\Amazon Corretto\jdk11.0.8_10\bin\api-ms-win-core-file-l2-1-0.dll
0x000007fef3de0000 - 0x000007fef3de3000 	C:\Program Files\Amazon Corretto\jdk11.0.8_10\bin\api-ms-win-core-synch-l1-2-0.dll
0x000007fef3dd0000 - 0x000007fef3dd3000 	C:\Program Files\Amazon Corretto\jdk11.0.8_10\bin\api-ms-win-crt-heap-l1-1-0.dll
0x000007fef3dc0000 - 0x000007fef3dc4000 	C:\Program Files\Amazon Corretto\jdk11.0.8_10\bin\api-ms-win-crt-string-l1-1-0.dll
0x000007fef3db0000 - 0x000007fef3db4000 	C:\Program Files\Amazon Corretto\jdk11.0.8_10\bin\api-ms-win-crt-stdio-l1-1-0.dll
0x000007fef3520000 - 0x000007fef3524000 	C:\Program Files\Amazon Corretto\jdk11.0.8_10\bin\api-ms-win-crt-convert-l1-1-0.dll
0x000007fef3510000 - 0x000007fef3513000 	C:\Program Files\Amazon Corretto\jdk11.0.8_10\bin\api-ms-win-crt-environment-l1-1-0.dll
0x000007fef3500000 - 0x000007fef3503000 	C:\Program Files\Amazon Corretto\jdk11.0.8_10\bin\api-ms-win-crt-filesystem-l1-1-0.dll
0x000007fef34f0000 - 0x000007fef34f5000 	C:\Program Files\Amazon Corretto\jdk11.0.8_10\bin\api-ms-win-crt-math-l1-1-0.dll
0x000007fef34e0000 - 0x000007fef34e3000 	C:\Program Files\Amazon Corretto\jdk11.0.8_10\bin\api-ms-win-crt-locale-l1-1-0.dll
0x000007fefd230000 - 0x000007fefd25e000 	C:\Windows\system32\IMM32.DLL
0x000007fefd300000 - 0x000007fefd409000 	C:\Windows\system32\MSCTF.dll
0x000007fee3520000 - 0x000007fee35bb000 	C:\Program Files\Amazon Corretto\jdk11.0.8_10\bin\msvcp140.dll
0x000007fef34d0000 - 0x000007fef34d3000 	C:\Program Files\Amazon Corretto\jdk11.0.8_10\bin\api-ms-win-crt-time-l1-1-0.dll
0x000007fef34c0000 - 0x000007fef34c3000 	C:\Program Files\Amazon Corretto\jdk11.0.8_10\bin\api-ms-win-crt-utility-l1-1-0.dll
0x000007fec0510000 - 0x000007fec0fcd000 	C:\Program Files\Amazon Corretto\jdk11.0.8_10\bin\server\jvm.dll
0x000007fefd410000 - 0x000007fefd4eb000 	C:\Windows\system32\ADVAPI32.dll
0x000007fefed20000 - 0x000007fefed3f000 	C:\Windows\SYSTEM32\sechost.dll
0x000007fefd760000 - 0x000007fefd88d000 	C:\Windows\system32\RPCRT4.dll
0x000007fef8300000 - 0x000007fef8309000 	C:\Windows\system32\WSOCK32.dll
0x000007fefe890000 - 0x000007fefe8dd000 	C:\Windows\system32\WS2_32.dll
0x000007fefef40000 - 0x000007fefef48000 	C:\Windows\system32\NSI.dll
0x000007fefa010000 - 0x000007fefa04b000 	C:\Windows\system32\WINMM.dll
0x000007fefbee0000 - 0x000007fefbeec000 	C:\Windows\system32\VERSION.dll
0x0000000076e80000 - 0x0000000076e87000 	C:\Windows\system32\PSAPI.DLL
0x000007fef9e50000 - 0x000007fef9e60000 	C:\Program Files\Amazon Corretto\jdk11.0.8_10\bin\verify.dll
0x000007fef7250000 - 0x000007fef7375000 	C:\Windows\system32\DBGHELP.DLL
0x000007fee1500000 - 0x000007fee1528000 	C:\Program Files\Amazon Corretto\jdk11.0.8_10\bin\java.dll
0x000007fef9e30000 - 0x000007fef9e3a000 	C:\Program Files\Amazon Corretto\jdk11.0.8_10\bin\jimage.dll
0x000007fee24b0000 - 0x000007fee24c7000 	C:\Program Files\Amazon Corretto\jdk11.0.8_10\bin\zip.dll
0x000007fefdb00000 - 0x000007fefe888000 	C:\Windows\system32\SHELL32.dll
0x000007fefd8f0000 - 0x000007fefdaf3000 	C:\Windows\system32\ole32.dll
0x000007fefcc00000 - 0x000007fefcc0f000 	C:\Windows\system32\profapi.dll
0x000007fee14e0000 - 0x000007fee14f9000 	C:\Program Files\Amazon Corretto\jdk11.0.8_10\bin\net.dll
0x000007fef7750000 - 0x000007fef77c1000 	C:\Windows\system32\WINHTTP.dll
0x000007fef76e0000 - 0x000007fef7744000 	C:\Windows\system32\webio.dll
0x000007fefc470000 - 0x000007fefc4c5000 	C:\Windows\system32\mswsock.dll
0x000007fefc460000 - 0x000007fefc467000 	C:\Windows\System32\wship6.dll
0x000007fee14c0000 - 0x000007fee14d2000 	C:\Program Files\Amazon Corretto\jdk11.0.8_10\bin\nio.dll
0x000007fee2d60000 - 0x000007fee2d69000 	C:\Program Files\Amazon Corretto\jdk11.0.8_10\bin\management.dll
0x000007fed4100000 - 0x000007fed410b000 	C:\Program Files\Amazon Corretto\jdk11.0.8_10\bin\management_ext.dll
0x000007fef9d40000 - 0x000007fef9d55000 	C:\Windows\system32\NLAapi.dll
0x000007fef4670000 - 0x000007fef4685000 	C:\Windows\system32\napinsp.dll
0x000007fef4650000 - 0x000007fef4669000 	C:\Windows\system32\pnrpnsp.dll
0x000007fefc2f0000 - 0x000007fefc34b000 	C:\Windows\system32\DNSAPI.dll
0x000007fef4640000 - 0x000007fef464b000 	C:\Windows\System32\winrnr.dll
0x000007fefb920000 - 0x000007fefb927000 	C:\Windows\System32\wshtcpip.dll
0x000007fef9c00000 - 0x000007fef9c27000 	C:\Windows\system32\IPHLPAPI.DLL
0x000007fef9bf0000 - 0x000007fef9bfb000 	C:\Windows\system32\WINNSI.DLL
0x000007fef4310000 - 0x000007fef4318000 	C:\Windows\system32\rasadhlp.dll
0x000007fef88e0000 - 0x000007fef8933000 	C:\Windows\System32\fwpuclnt.dll
0x000007fefc4d0000 - 0x000007fefc4e7000 	C:\Windows\system32\CRYPTSP.dll
0x000007fefc1d0000 - 0x000007fefc217000 	C:\Windows\system32\rsaenh.dll
0x000007fefbf40000 - 0x000007fefbf5e000 	C:\Windows\system32\USERENV.dll
0x000007fefcb30000 - 0x000007fefcb3f000 	C:\Windows\system32\CRYPTBASE.dll
0x000007fef8860000 - 0x000007fef8871000 	C:\Windows\system32\dhcpcsvc6.DLL
0x000007fef8840000 - 0x000007fef8858000 	C:\Windows\system32\dhcpcsvc.DLL
0x000007fef3450000 - 0x000007fef345e000 	C:\Program Files\Amazon Corretto\jdk11.0.8_10\bin\sunmscapi.dll
0x000007fefcd30000 - 0x000007fefce97000 	C:\Windows\system32\CRYPT32.dll
0x000007fefcca0000 - 0x000007fefccaf000 	C:\Windows\system32\MSASN1.dll
0x000007fefc650000 - 0x000007fefc69e000 	C:\Windows\system32\ncrypt.dll
0x000007fefc620000 - 0x000007fefc642000 	C:\Windows\system32\bcrypt.dll
0x000007fecad00000 - 0x000007fecad25000 	C:\Program Files\Amazon Corretto\jdk11.0.8_10\bin\sunec.dll

dbghelp: loaded successfully - version: 4.0.5 - missing functions: none
symbol engine: initialized successfully - sym options: 0x614 - pdb path: .;C:\Program Files\Amazon Corretto\jdk11.0.8_10\bin;C:\Windows\SYSTEM32;C:\Program Files (x86)\AVG\Antivirus;C:\Windows\WinSxS\amd64_microsoft.windows.common-controls_6595b64144ccf1df_6.0.7601.17514_none_fa396087175ac9ac;C:\Program Files\Amazon Corretto\jdk11.0.8_10\bin\server

VM Arguments:
jvm_args: -Dfile.encoding=UTF-8 
java_command: com.luv2code.springboot.cruddemo.CruddemoApplication
java_class_path (initial): D:\2 Java\4 Spring\1 Projekty\BOOT\cruddemo\target\classes;C:\Users\Daniel\.m2\repository\org\springframework\boot\spring-boot-starter-data-jpa\2.3.5.RELEASE\spring-boot-starter-data-jpa-2.3.5.RELEASE.jar;C:\Users\Daniel\.m2\repository\org\springframework\boot\spring-boot-starter-aop\2.3.5.RELEASE\spring-boot-starter-aop-2.3.5.RELEASE.jar;C:\Users\Daniel\.m2\repository\org\springframework\spring-aop\5.2.10.RELEASE\spring-aop-5.2.10.RELEASE.jar;C:\Users\Daniel\.m2\repository\org\aspectj\aspectjweaver\1.9.6\aspectjweaver-1.9.6.jar;C:\Users\Daniel\.m2\repository\org\springframework\boot\spring-boot-starter-jdbc\2.3.5.RELEASE\spring-boot-starter-jdbc-2.3.5.RELEASE.jar;C:\Users\Daniel\.m2\repository\com\zaxxer\HikariCP\3.4.5\HikariCP-3.4.5.jar;C:\Users\Daniel\.m2\repository\org\springframework\spring-jdbc\5.2.10.RELEASE\spring-jdbc-5.2.10.RELEASE.jar;C:\Users\Daniel\.m2\repository\jakarta\transaction\jakarta.transaction-api\1.3.3\jakarta.transaction-api-1.3.3.jar;C:\Users\Daniel\.m2\repository\jakarta\persistence\jakarta.persistence-api\2.2.3\jakarta.persistence-api-2.2.3.jar;C:\Users\Daniel\.m2\repository\org\hibernate\hibernate-core\5.4.22.Final\hibernate-core-5.4.22.Final.jar;C:\Users\Daniel\.m2\repository\org\jboss\logging\jboss-logging\3.4.1.Final\jboss-logging-3.4.1.Final.jar;C:\Users\Daniel\.m2\repository\org\javassist\javassist\3.24.0-GA\javassist-3.24.0-GA.jar;C:\Users\Daniel\.m2\repository\net\bytebuddy\byte-buddy\1.10.17\byte-buddy-1.10.17.jar;C:\Users\Daniel\.m2\repository\antlr\antlr\2.7.7\antlr-2.7.7.jar;C:\Users\Daniel\.m2\repository\org\jboss\jandex\2.1.3.Final\jandex-2.1.3.Final.jar;C:\Users\Daniel\.m2\repository\com\fasterxml\classmate\1.5.1\classmate-1.5.1.jar;C:\Users\Daniel\.m2\repository\org\dom4j\dom4j\2.1.3\dom4j-2.1.3.jar;C:\Users\Daniel\.m2\repository\org\hibernate\common\hibernate-commons-annotations\5.1.0.Final\hibernate-commons-annotations-5.1.0.Final.jar;C:\Users\Daniel\.m2\repository\org\glassfish\jaxb\jaxb-runt
Launcher Type: SUN_STANDARD

[Global flags]
     intx CICompilerCount                          = 3                                         {product} {ergonomic}
     uint ConcGCThreads                            = 1                                         {product} {ergonomic}
     uint G1ConcRefinementThreads                  = 4                                         {product} {ergonomic}
   size_t G1HeapRegionSize                         = 1048576                                   {product} {ergonomic}
    uintx GCDrainStackTargetSize                   = 64                                        {product} {ergonomic}
   size_t InitialHeapSize                          = 134217728                                 {product} {ergonomic}
   size_t MarkStackSize                            = 4194304                                   {product} {ergonomic}
   size_t MaxHeapSize                              = 2134900736                                {product} {ergonomic}
   size_t MaxNewSize                               = 1280311296                                {product} {ergonomic}
   size_t MinHeapDeltaBytes                        = 1048576                                   {product} {ergonomic}
    uintx NonNMethodCodeHeapSize                   = 5830732                                {pd product} {ergonomic}
    uintx NonProfiledCodeHeapSize                  = 122913754                              {pd product} {ergonomic}
    uintx ProfiledCodeHeapSize                     = 122913754                              {pd product} {ergonomic}
    uintx ReservedCodeCacheSize                    = 251658240                              {pd product} {ergonomic}
     bool SegmentedCodeCache                       = true                                      {product} {ergonomic}
     bool UseCompressedClassPointers               = true                                 {lp64_product} {ergonomic}
     bool UseCompressedOops                        = true                                 {lp64_product} {ergonomic}
     bool UseG1GC                                  = true                                      {product} {ergonomic}
     bool UseLargePagesIndividualAllocation        = false                                  {pd product} {ergonomic}

Logging:
Log output configuration:
 #0: stdout all=warning uptime,level,tags
 #1: stderr all=off uptime,level,tags

Environment Variables:
JAVA_HOME=C:\Program Files\Amazon Corretto\jdk11.0.8_10
PATH=C:/Program Files/Amazon Corretto/jdk11.0.8_10/bin/server;C:/Program Files/Amazon Corretto/jdk11.0.8_10/bin;C:\Program Files\Amazon Corretto\jdk11.0.8_10\bin;C:\Windows\system32;C:\Windows;C:\Windows\System32\Wbem;C:\Windows\System32\WindowsPowerShell\v1.0\;C:\Program Files (x86)\NVIDIA Corporation\PhysX\Common;C:\Users\Daniel\.dnx\bin;C:\Program Files\Microsoft DNX\Dnvm\;C:\Program Files\Microsoft SQL Server\120\Tools\Binn\;C:\Program Files\NVIDIA Corporation\NVIDIA NvDLISR;C:\Program Files\SourceGear\Common\DiffMerge\;C:\Program Files\MySQL\MySQL Shell 8.0\bin\;C:\Users\Daniel\sqlite-tools-win32-x86-3330000;D:\2 Java\5 Eclipse\1 Eclipse\eclipse;
USERNAME=Daniel
OS=Windows_NT
PROCESSOR_IDENTIFIER=Intel64 Family 6 Model 94 Stepping 3, GenuineIntel



---------------  S Y S T E M  ---------------

OS: Windows 7 , 64 bit Build 7601 (6.1.7601.18015)
OS uptime: 0 days 7:01 hours

CPU:total 4 (initial active 4) (4 cores per cpu, 1 threads per core) family 6 model 94 stepping 3, cmov, cx8, fxsr, mmx, sse, sse2, sse3, ssse3, sse4.1, sse4.2, popcnt, avx, avx2, aes, clmul, erms, rtm, 3dnowpref, lzcnt, tsc, tscinvbit, bmi1, bmi2, adx, fma

Memory: 4k page, system-wide physical 8141M (62M free)
TotalPageFile size 28846M (AvailPageFile size 5M)
current process WorkingSet (physical memory assigned to process): 273M, peak: 273M
current process commit charge ("private bytes"): 348M, peak: 348M

vm_info: OpenJDK 64-Bit Server VM (11.0.8+10-LTS) for windows-amd64 JRE (11.0.8+10-LTS), built on Jul 13 2020 00:42:50 by "Administrator" with MS VC++ 15.9 (VS2017)

END.
